<?xml version="1.0" encoding="UTF-8"?>
<!-- Generated by org.testng.reporters.JUnitReportReporter -->
<testsuite name="mvngittest.SimpleClass" tests="1" time="0.020" ignored="0" failures="0" timestamp="03 Nov 2017 19:12:06 GMT" skipped="0" hostname="Home" errors="0">
  <testcase name="test" time="0.020" classname="mvngittest.SimpleClass"/>
</testsuite> <!-- mvngittest.SimpleClass -->
